gradleBuild/outputs/logs/manifest-merger-debug-report.txt
-- Merging decision tree log ---
manifest
ADDED from AndroidStudioProjects\find_my_puppy\AndroidManifest.xml:2:1-53:12
INJECTED from AndroidStudioProjects\find_my_puppy\AndroidManifest.xml:2:1-53:12
INJECTED from AndroidStudioProjects\find_my_puppy\AndroidManifest.xml:2:1-53:12
INJECTED from AndroidStudioProjects\find_my_puppy\AndroidManifest.xml:2:1-53:12
MERGED from [org.tensorflow:tensorflow-android:1.8.0] AndroidManifest.xml:2:1-8:12
MERGED from [com.github.PhilJay:MPAndroidChart:v3.1.0] AndroidManifest.xml:2:1-20:12
MERGED from [androidx.legacy:legacy-support-v4:1.0.0] AndroidManifest.xml:17:1-22:12
MERGED from [androidx.constraintlayout:constraintlayout:2.0.1] AndroidManifest.xml:2:1-11:12
MERGED from [androidx.media:media:1.0.0] AndroidManifest.xml:17:1-22:12
MERGED from [androidx.legacy:legacy-support-core-ui:1.0.0] AndroidManifest.xml:17:1-22:12
MERGED from [androidx.legacy:legacy-support-core-utils:1.0.0] AndroidManifest.xml:17:1-22:12
MERGED from [androidx.appcompat:appcompat:1.2.0] AndroidManifest.xml:17:1-24:12
MERGED from [androidx.fragment:fragment:1.1.0] AndroidManifest.xml:17:1-24:12
MERGED from [androidx.loader:loader:1.0.0] AndroidManifest.xml:17:1-22:12
MERGED from [androidx.viewpager:viewpager:1.0.0] AndroidManifest.xml:17:1-22:12
MERGED from [androidx.coordinatorlayout:coordinatorlayout:1.0.0] AndroidManifest.xml:17:1-22:12
MERGED from [androidx.drawerlayout:drawerlayout:1.0.0] AndroidManifest.xml:17:1-22:12
MERGED from [androidx.slidingpanelayout:slidingpanelayout:1.0.0] AndroidManifest.xml:17:1-22:12
MERGED from [androidx.customview:customview:1.0.0] AndroidManifest.xml:17:1-22:12
MERGED from [androidx.swiperefreshlayout:swiperefreshlayout:1.0.0] AndroidManifest.xml:17:1-22:12
MERGED from [androidx.asynclayoutinflater:asynclayoutinflater:1.0.0] AndroidManifest.xml:17:1-22:12
MERGED from [androidx.appcompat:appcompat-resources:1.2.0] AndroidManifest.xml:17:1-24:12
MERGED from [androidx.activity:activity:1.0.0] AndroidManifest.xml:17:1-24:12
MERGED from [androidx.vectordrawable:vectordrawable-animated:1.1.0] AndroidManifest.xml:17:1-24:12
MERGED from [androidx.vectordrawable:vectordrawable:1.1.0] AndroidManifest.xml:17:1-24:12
MERGED from [androidx.core:core:1.3.1] AndroidManifest.xml:17:1-26:12
MERGED from [androidx.documentfile:documentfile:1.0.0] AndroidManifest.xml:17:1-22:12
MERGED from [androidx.localbroadcastmanager:localbroadcastmanager:1.0.0] AndroidManifest.xml:17:1-22:12
MERGED from [androidx.print:print:1.0.0] AndroidManifest.xml:17:1-22:12
MERGED from [androidx.interpolator:interpolator:1.0.0] AndroidManifest.xml:17:1-22:12
MERGED from [androidx.cursoradapter:cursoradapter:1.0.0] AndroidManifest.xml:17:1-22:12
MERGED from [androidx.versionedparcelable:versionedparcelable:1.1.0] AndroidManifest.xml:17:1-27:12
MERGED from [androidx.lifecycle:lifecycle-livedata:2.0.0] AndroidManifest.xml:17:1-22:12
MERGED from [androidx.lifecycle:lifecycle-livedata-core:2.0.0] AndroidManifest.xml:17:1-22:12
MERGED from [androidx.arch.core:core-runtime:2.0.0] AndroidManifest.xml:17:1-22:12
MERGED from [androidx.lifecycle:lifecycle-runtime:2.1.0] AndroidManifest.xml:17:1-22:12
MERGED from [androidx.lifecycle:lifecycle-viewmodel:2.1.0] AndroidManifest.xml:17:1-22:12
MERGED from [androidx.savedstate:savedstate:1.0.0] AndroidManifest.xml:17:1-24:12
INJECTED from AndroidStudioProjects\find_my_puppy\AndroidManifest.xml:2:1-53:12
INJECTED from AndroidStudioProjects\find_my_puppy\AndroidManifest.xml:2:1-53:12
INJECTED from AndroidStudioProjects\find_my_puppy\AndroidManifest.xml:2:1-53:12
	package
		ADDED from AndroidStudioProjects\find_my_puppy\AndroidManifest.xml:4:5-28
		INJECTED from AndroidStudioProjects\find_my_puppy\AndroidManifest.xml
		INJECTED from AndroidStudioProjects\find_my_puppy\AndroidManifest.xml
	android:versionName
		INJECTED from AndroidStudioProjects\find_my_puppy\AndroidManifest.xml
		ADDED from AndroidStudioProjects\find_my_puppy\AndroidManifest.xml:2:1-53:12
		INJECTED from AndroidStudioProjects\find_my_puppy\AndroidManifest.xml
	xmlns:tools
		ADDED from AndroidStudioProjects\find_my_puppy\AndroidManifest.xml:3:5-51
	android:versionCode
		INJECTED from AndroidStudioProjects\find_my_puppy\AndroidManifest.xml
		ADDED from AndroidStudioProjects\find_my_puppy\AndroidManifest.xml:2:1-53:12
		INJECTED from AndroidStudioProjects\find_my_puppy\AndroidManifest.xml
	xmlns:android
		ADDED from AndroidStudioProjects\find_my_puppy\AndroidManifest.xml:2:11-69
uses-permission#android.permission.CAMERA
ADDED from AndroidStudioProjects\find_my_puppy\AndroidManifest.xml:6:5-65
	android:name
		ADDED from AndroidStudioProjects\find_my_puppy\AndroidManifest.xml:6:22-62
uses-permission#android.permission.READ_EXTERNAL_STORAGE
ADDED from AndroidStudioProjects\find_my_puppy\AndroidManifest.xml:7:5-80
	android:name
		ADDED from AndroidStudioProjects\find_my_puppy\AndroidManifest.xml:7:22-77
uses-permission#android.permission.WRITE_EXTERNAL_STORAGE
ADDED from AndroidStudioProjects\find_my_puppy\AndroidManifest.xml:8:5-81
	android:name
		ADDED from AndroidStudioProjects\find_my_puppy\AndroidManifest.xml:8:22-78
uses-permission#android.permission.READ_PHONE_STATE
ADDED from AndroidStudioProjects\find_my_puppy\AndroidManifest.xml:11:5-13:31
	tools:node
		ADDED from AndroidStudioProjects\find_my_puppy\AndroidManifest.xml:13:9-28
	android:name
		ADDED from AndroidStudioProjects\find_my_puppy\AndroidManifest.xml:12:9-59
uses-feature#android.hardware.camera
ADDED from AndroidStudioProjects\find_my_puppy\AndroidManifest.xml:15:5-60
	android:name
		ADDED from AndroidStudioProjects\find_my_puppy\AndroidManifest.xml:15:19-57
uses-feature#android.hardware.camera.autofocus
ADDED from AndroidStudioProjects\find_my_puppy\AndroidManifest.xml:16:5-70
	android:name
		ADDED from AndroidStudioProjects\find_my_puppy\AndroidManifest.xml:16:19-67
application
ADDED from AndroidStudioProjects\find_my_puppy\AndroidManifest.xml:18:5-51:19
MERGED from [org.tensorflow:tensorflow-android:1.8.0] AndroidManifest.xml:5:5-6:19
MERGED from [org.tensorflow:tensorflow-android:1.8.0] AndroidManifest.xml:5:5-6:19
MERGED from [androidx.constraintlayout:constraintlayout:2.0.1] AndroidManifest.xml:9:5-20
MERGED from [androidx.constraintlayout:constraintlayout:2.0.1] AndroidManifest.xml:9:5-20
MERGED from [androidx.core:core:1.3.1] AndroidManifest.xml:24:5-89
MERGED from [androidx.core:core:1.3.1] AndroidManifest.xml:24:5-89
MERGED from [androidx.versionedparcelable:versionedparcelable:1.1.0] AndroidManifest.xml:24:5-25:19
MERGED from [androidx.versionedparcelable:versionedparcelable:1.1.0] AndroidManifest.xml:24:5-25:19
	android:appComponentFactory
		ADDED from [androidx.core:core:1.3.1] AndroidManifest.xml:24:18-86
	android:label
		ADDED from AndroidStudioProjects\find_my_puppy\AndroidManifest.xml:21:9-41
	android:icon
		ADDED from AndroidStudioProjects\find_my_puppy\AndroidManifest.xml:20:9-45
	android:allowBackup
		ADDED from AndroidStudioProjects\find_my_puppy\AndroidManifest.xml:19:9-35
provider#androidx.core.content.FileProvider
ADDED from AndroidStudioProjects\find_my_puppy\AndroidManifest.xml:22:9-30:20
	android:grantUriPermissions
		ADDED from AndroidStudioProjects\find_my_puppy\AndroidManifest.xml:26:13-47
	android:authorities
		ADDED from AndroidStudioProjects\find_my_puppy\AndroidManifest.xml:24:13-61
	android:exported
		ADDED from AndroidStudioProjects\find_my_puppy\AndroidManifest.xml:25:13-37
	android:name
		ADDED from AndroidStudioProjects\find_my_puppy\AndroidManifest.xml:23:13-62
meta-data#android.support.FILE_PROVIDER_PATHS
ADDED from AndroidStudioProjects\find_my_puppy\AndroidManifest.xml:27:13-29:53
	android:resource
		ADDED from AndroidStudioProjects\find_my_puppy\AndroidManifest.xml:29:17-50
	android:name
		ADDED from AndroidStudioProjects\find_my_puppy\AndroidManifest.xml:28:17-67
activity#com.findmypup.ClassifierActivity
ADDED from AndroidStudioProjects\find_my_puppy\AndroidManifest.xml:32:9-49:20
	android:screenOrientation
		ADDED from AndroidStudioProjects\find_my_puppy\AndroidManifest.xml:35:13-49
	android:label
		ADDED from AndroidStudioProjects\find_my_puppy\AndroidManifest.xml:34:13-65
	tools:ignore
		ADDED from AndroidStudioProjects\find_my_puppy\AndroidManifest.xml:36:13-53
	android:name
		ADDED from AndroidStudioProjects\find_my_puppy\AndroidManifest.xml:33:13-60
intent-filter#action:name:android.intent.action.MAIN+category:name:android.intent.category.LAUNCHER
ADDED from AndroidStudioProjects\find_my_puppy\AndroidManifest.xml:37:13-41:29
action#android.intent.action.MAIN
ADDED from AndroidStudioProjects\find_my_puppy\AndroidManifest.xml:38:17-69
	android:name
		ADDED from AndroidStudioProjects\find_my_puppy\AndroidManifest.xml:38:25-66
category#android.intent.category.LAUNCHER
ADDED from AndroidStudioProjects\find_my_puppy\AndroidManifest.xml:40:17-77
	android:name
		ADDED from AndroidStudioProjects\find_my_puppy\AndroidManifest.xml:40:27-74
intent-filter#action:name:android.intent.action.SEND+category:name:android.intent.category.DEFAULT+data:mimeType:image/*
ADDED from AndroidStudioProjects\find_my_puppy\AndroidManifest.xml:42:13-48:29
action#android.intent.action.SEND
ADDED from AndroidStudioProjects\find_my_puppy\AndroidManifest.xml:43:17-69
	android:name
		ADDED from AndroidStudioProjects\find_my_puppy\AndroidManifest.xml:43:25-66
category#android.intent.category.DEFAULT
ADDED from AndroidStudioProjects\find_my_puppy\AndroidManifest.xml:45:17-76
	android:name
		ADDED from AndroidStudioProjects\find_my_puppy\AndroidManifest.xml:45:27-73
data
ADDED from AndroidStudioProjects\find_my_puppy\AndroidManifest.xml:47:17-52
	android:mimeType
		ADDED from AndroidStudioProjects\find_my_puppy\AndroidManifest.xml:47:23-49
activity#com.findmypup.SimpleListActivity
ADDED from AndroidStudioProjects\find_my_puppy\AndroidManifest.xml:50:9-69
	android:name
		ADDED from AndroidStudioProjects\find_my_puppy\AndroidManifest.xml:50:19-66
uses-sdk
INJECTED from AndroidStudioProjects\find_my_puppy\AndroidManifest.xml reason: use-sdk injection requested
INJECTED from AndroidStudioProjects\find_my_puppy\AndroidManifest.xml
INJECTED from AndroidStudioProjects\find_my_puppy\AndroidManifest.xml
MERGED from [com.github.PhilJay:MPAndroidChart:v3.1.0] AndroidManifest.xml:16:5-18:41
MERGED from [com.github.PhilJay:MPAndroidChart:v3.1.0] AndroidManifest.xml:16:5-18:41
MERGED from [androidx.legacy:legacy-support-v4:1.0.0] AndroidManifest.xml:20:5-44
MERGED from [androidx.legacy:legacy-support-v4:1.0.0] AndroidManifest.xml:20:5-44
MERGED from [androidx.constraintlayout:constraintlayout:2.0.1] AndroidManifest.xml:5:5-7:41
MERGED from [androidx.constraintlayout:constraintlayout:2.0.1] AndroidManifest.xml:5:5-7:41
MERGED from [androidx.media:media:1.0.0] AndroidManifest.xml:20:5-44
MERGED from [androidx.media:media:1.0.0] AndroidManifest.xml:20:5-44
MERGED from [androidx.legacy:legacy-support-core-ui:1.0.0] AndroidManifest.xml:20:5-44
MERGED from [androidx.legacy:legacy-support-core-ui:1.0.0] AndroidManifest.xml:20:5-44
MERGED from [androidx.legacy:legacy-support-core-utils:1.0.0] AndroidManifest.xml:20:5-44
MERGED from [androidx.legacy:legacy-support-core-utils:1.0.0] AndroidManifest.xml:20:5-44
MERGED from [androidx.appcompat:appcompat:1.2.0] AndroidManifest.xml:20:5-22:41
MERGED from [androidx.appcompat:appcompat:1.2.0] AndroidManifest.xml:20:5-22:41
MERGED from [androidx.fragment:fragment:1.1.0] AndroidManifest.xml:20:5-22:41
MERGED from [androidx.fragment:fragment:1.1.0] AndroidManifest.xml:20:5-22:41
MERGED from [androidx.loader:loader:1.0.0] AndroidManifest.xml:20:5-44
MERGED from [androidx.loader:loader:1.0.0] AndroidManifest.xml:20:5-44
MERGED from [androidx.viewpager:viewpager:1.0.0] AndroidManifest.xml:20:5-44
MERGED from [androidx.viewpager:viewpager:1.0.0] AndroidManifest.xml:20:5-44
MERGED from [androidx.coordinatorlayout:coordinatorlayout:1.0.0] AndroidManifest.xml:20:5-44
MERGED from [androidx.coordinatorlayout:coordinatorlayout:1.0.0] AndroidManifest.xml:20:5-44
MERGED from [androidx.drawerlayout:drawerlayout:1.0.0] AndroidManifest.xml:20:5-44
MERGED from [androidx.drawerlayout:drawerlayout:1.0.0] AndroidManifest.xml:20:5-44
MERGED from [androidx.slidingpanelayout:slidingpanelayout:1.0.0] AndroidManifest.xml:20:5-44
MERGED from [androidx.slidingpanelayout:slidingpanelayout:1.0.0] AndroidManifest.xml:20:5-44
MERGED from [androidx.customview:customview:1.0.0] AndroidManifest.xml:20:5-44
MERGED from [androidx.customview:customview:1.0.0] AndroidManifest.xml:20:5-44
MERGED from [androidx.swiperefreshlayout:swiperefreshlayout:1.0.0] AndroidManifest.xml:20:5-44
MERGED from [androidx.swiperefreshlayout:swiperefreshlayout:1.0.0] AndroidManifest.xml:20:5-44
MERGED from [androidx.asynclayoutinflater:asynclayoutinflater:1.0.0] AndroidManifest.xml:20:5-44
MERGED from [androidx.asynclayoutinflater:asynclayoutinflater:1.0.0] AndroidManifest.xml:20:5-44
MERGED from [androidx.appcompat:appcompat-resources:1.2.0] AndroidManifest.xml:20:5-22:41
MERGED from [androidx.appcompat:appcompat-resources:1.2.0] AndroidManifest.xml:20:5-22:41
MERGED from [androidx.activity:activity:1.0.0] AndroidManifest.xml:20:5-22:41
MERGED from [androidx.activity:activity:1.0.0] AndroidManifest.xml:20:5-22:41
MERGED from [androidx.vectordrawable:vectordrawable-animated:1.1.0] AndroidManifest.xml:20:5-22:41
MERGED from [androidx.vectordrawable:vectordrawable-animated:1.1.0] AndroidManifest.xml:20:5-22:41
MERGED from [androidx.vectordrawable:vectordrawable:1.1.0] AndroidManifest.xml:20:5-22:41
MERGED from [androidx.vectordrawable:vectordrawable:1.1.0] AndroidManifest.xml:20:5-22:41
MERGED from [androidx.core:core:1.3.1] AndroidManifest.xml:20:5-22:41
MERGED from [androidx.core:core:1.3.1] AndroidManifest.xml:20:5-22:41
MERGED from [androidx.documentfile:documentfile:1.0.0] AndroidManifest.xml:20:5-44
MERGED from [androidx.documentfile:documentfile:1.0.0] AndroidManifest.xml:20:5-44
MERGED from [androidx.localbroadcastmanager:localbroadcastmanager:1.0.0] AndroidManifest.xml:20:5-44
MERGED from [androidx.localbroadcastmanager:localbroadcastmanager:1.0.0] AndroidManifest.xml:20:5-44
MERGED from [androidx.print:print:1.0.0] AndroidManifest.xml:20:5-44
MERGED from [androidx.print:print:1.0.0] AndroidManifest.xml:20:5-44
MERGED from [androidx.interpolator:interpolator:1.0.0] AndroidManifest.xml:20:5-44
MERGED from [androidx.interpolator:interpolator:1.0.0] AndroidManifest.xml:20:5-44
MERGED from [androidx.cursoradapter:cursoradapter:1.0.0] AndroidManifest.xml:20:5-44
MERGED from [androidx.cursoradapter:cursoradapter:1.0.0] AndroidManifest.xml:20:5-44
MERGED from [androidx.versionedparcelable:versionedparcelable:1.1.0] AndroidManifest.xml:20:5-22:41
MERGED from [androidx.versionedparcelable:versionedparcelable:1.1.0] AndroidManifest.xml:20:5-22:41
MERGED from [androidx.lifecycle:lifecycle-livedata:2.0.0] AndroidManifest.xml:20:5-44
MERGED from [androidx.lifecycle:lifecycle-livedata:2.0.0] AndroidManifest.xml:20:5-44
MERGED from [androidx.lifecycle:lifecycle-livedata-core:2.0.0] AndroidManifest.xml:20:5-44
MERGED from [androidx.lifecycle:lifecycle-livedata-core:2.0.0] AndroidManifest.xml:20:5-44
MERGED from [androidx.arch.core:core-runtime:2.0.0] AndroidManifest.xml:20:5-44
MERGED from [androidx.arch.core:core-runtime:2.0.0] AndroidManifest.xml:20:5-44
MERGED from [androidx.lifecycle:lifecycle-runtime:2.1.0] AndroidManifest.xml:20:5-44
MERGED from [androidx.lifecycle:lifecycle-runtime:2.1.0] AndroidManifest.xml:20:5-44
MERGED from [androidx.lifecycle:lifecycle-viewmodel:2.1.0] AndroidManifest.xml:20:5-44
MERGED from [androidx.lifecycle:lifecycle-viewmodel:2.1.0] AndroidManifest.xml:20:5-44
MERGED from [androidx.savedstate:savedstate:1.0.0] AndroidManifest.xml:20:5-22:41
MERGED from [androidx.savedstate:savedstate:1.0.0] AndroidManifest.xml:20:5-22:41
INJECTED from AndroidStudioProjects\find_my_puppy\AndroidManifest.xml
INJECTED from AndroidStudioProjects\find_my_puppy\AndroidManifest.xml
	android:targetSdkVersion
		INJECTED from AndroidStudioProjects\find_my_puppy\AndroidManifest.xml
		ADDED from AndroidStudioProjects\find_my_puppy\AndroidManifest.xml
		INJECTED from AndroidStudioProjects\find_my_puppy\AndroidManifest.xml
	android:minSdkVersion
		INJECTED from AndroidStudioProjects\find_my_puppy\AndroidManifest.xml
		ADDED from AndroidStudioProjects\find_my_puppy\AndroidManifest.xml
		INJECTED from AndroidStudioProjects\find_my_puppy\AndroidManifest.xml